<?xml version="1.0" encoding="UTF-8"?>
<!-- Generated by org.testng.reporters.JUnitXMLReporter -->
<testsuite ignored="0" hostname="DESKTOP-D3O5ALE" failures="0" tests="14" name="Test" time="7.285" errors="0" timestamp="2024-09-08T07:41:14 IST">
  <testcase classname="com.tutorialsninja.qa.Test.Login" name="@BeforeMethod setup" time="4.021">
    <failure type="org.openqa.selenium.SessionNotCreatedException" message="Could not start a new session. Response code 500. Message: session not created
from unknown error: Could not remove old devtools port file. Perhaps the given user-data-dir at C:/ChromeDev is still attached to a running Chrome or Chromium process 
Host info: host: &amp;apos;DESKTOP-D3O5ALE&amp;apos;, ip: &amp;apos;192.168.1.242&amp;apos;
Build info: version: &amp;apos;4.22.0&amp;apos;, revision: &amp;apos;c5f3146703*&amp;apos;
System info: os.name: &amp;apos;Windows 11&amp;apos;, os.arch: &amp;apos;amd64&amp;apos;, os.version: &amp;apos;10.0&amp;apos;, java.version: &amp;apos;21.0.4&amp;apos;
Driver info: org.openqa.selenium.chrome.ChromeDriver
Command: [null, newSession {capabilities=[Capabilities {browserName: chrome, goog:chromeOptions: {args: [--disable-web-security, --user-data-dir=C:/ChromeDev], binary: C:\Program Files\Google\Chr..., extensions: []}}]}]">
      <![CDATA[org.openqa.selenium.SessionNotCreatedException: Could not start a new session. Response code 500. Message: session not created
from unknown error: Could not remove old devtools port file. Perhaps the given user-data-dir at C:/ChromeDev is still attached to a running Chrome or Chromium process 
Host info: host: 'DESKTOP-D3O5ALE', ip: '192.168.1.242'
Build info: version: '4.22.0', revision: 'c5f3146703*'
System info: os.name: 'Windows 11', os.arch: 'amd64', os.version: '10.0', java.version: '21.0.4'
Driver info: org.openqa.selenium.chrome.ChromeDriver
Command: [null, newSession {capabilities=[Capabilities {browserName: chrome, goog:chromeOptions: {args: [--disable-web-security, --user-data-dir=C:/ChromeDev], binary: C:\Program Files\Google\Chr..., extensions: []}}]}]
at org.openqa.selenium.remote.ProtocolHandshake.createSession(ProtocolHandshake.java:114)
at org.openqa.selenium.remote.ProtocolHandshake.createSession(ProtocolHandshake.java:75)
at org.openqa.selenium.remote.ProtocolHandshake.createSession(ProtocolHandshake.java:61)
at org.openqa.selenium.remote.HttpCommandExecutor.execute(HttpCommandExecutor.java:162)
at org.openqa.selenium.remote.service.DriverCommandExecutor.invokeExecute(DriverCommandExecutor.java:216)
at org.openqa.selenium.remote.service.DriverCommandExecutor.execute(DriverCommandExecutor.java:174)
at org.openqa.selenium.remote.RemoteWebDriver.execute(RemoteWebDriver.java:518)
at org.openqa.selenium.remote.RemoteWebDriver.startSession(RemoteWebDriver.java:232)
at org.openqa.selenium.remote.RemoteWebDriver.<init>(RemoteWebDriver.java:161)
at org.openqa.selenium.chromium.ChromiumDriver.<init>(ChromiumDriver.java:114)
at org.openqa.selenium.chrome.ChromeDriver.<init>(ChromeDriver.java:88)
at org.openqa.selenium.chrome.ChromeDriver.<init>(ChromeDriver.java:83)
at org.openqa.selenium.chrome.ChromeDriver.<init>(ChromeDriver.java:72)
at com.tutorialsninja.qa.Test.Base.initilizeBrowser(Base.java:55)
at com.tutorialsninja.qa.Test.Login.setup(Login.java:61)
at java.base/java.util.concurrent.Executors$RunnableAdapter.call(Executors.java:572)
at java.base/java.util.concurrent.FutureTask.run(FutureTask.java:317)
at java.base/java.util.concurrent.ThreadPoolExecutor.runWorker(ThreadPoolExecutor.java:1144)
at java.base/java.util.concurrent.ThreadPoolExecutor$Worker.run(ThreadPoolExecutor.java:642)
at java.base/java.lang.Thread.run(Thread.java:1583)
... Removed 15 stack frames]]>
    </failure>
  </testcase> <!-- @BeforeMethod setup -->
  <testcase classname="com.tutorialsninja.qa.Test.Login" name="@AfterMethod teardown" time="0.0">
    <skipped/>
  </testcase> <!-- @AfterMethod teardown -->
  <testcase classname="com.tutorialsninja.qa.Test.Login" name="@BeforeMethod setup" time="0.0">
    <skipped/>
  </testcase> <!-- @BeforeMethod setup -->
  <testcase classname="com.tutorialsninja.qa.Test.Login" name="@AfterMethod teardown" time="0.0">
    <skipped/>
  </testcase> <!-- @AfterMethod teardown -->
  <testcase classname="com.tutorialsninja.qa.Test.Login" name="@BeforeMethod setup" time="0.0">
    <skipped/>
  </testcase> <!-- @BeforeMethod setup -->
  <testcase classname="com.tutorialsninja.qa.Test.Login" name="@AfterMethod teardown" time="0.0">
    <skipped/>
  </testcase> <!-- @AfterMethod teardown -->
  <testcase classname="com.tutorialsninja.qa.Test.Login" name="@BeforeMethod setup" time="0.0">
    <skipped/>
  </testcase> <!-- @BeforeMethod setup -->
  <testcase classname="com.tutorialsninja.qa.Test.Login" name="@AfterMethod teardown" time="0.0">
    <skipped/>
  </testcase> <!-- @AfterMethod teardown -->
  <testcase classname="com.tutorialsninja.qa.Test.Login" name="@BeforeMethod setup" time="0.0">
    <skipped/>
  </testcase> <!-- @BeforeMethod setup -->
  <testcase classname="com.tutorialsninja.qa.Test.Login" name="@AfterMethod teardown" time="0.0">
    <skipped/>
  </testcase> <!-- @AfterMethod teardown -->
  <testcase classname="com.tutorialsninja.qa.Test.Login" name="@BeforeMethod setup" time="0.0">
    <skipped/>
  </testcase> <!-- @BeforeMethod setup -->
  <testcase classname="com.tutorialsninja.qa.Test.Login" name="@AfterMethod teardown" time="0.0">
    <skipped/>
  </testcase> <!-- @AfterMethod teardown -->
  <testcase classname="com.tutorialsninja.qa.Test.Login" name="@BeforeMethod setup" time="0.0">
    <skipped/>
  </testcase> <!-- @BeforeMethod setup -->
  <testcase classname="com.tutorialsninja.qa.Test.Login" name="@AfterMethod teardown" time="0.0">
    <skipped/>
  </testcase> <!-- @AfterMethod teardown -->
  <testcase classname="com.tutorialsninja.qa.Test.Login" name="@BeforeMethod setup" time="0.0">
    <skipped/>
  </testcase> <!-- @BeforeMethod setup -->
  <testcase classname="com.tutorialsninja.qa.Test.Login" name="@AfterMethod teardown" time="0.0">
    <skipped/>
  </testcase> <!-- @AfterMethod teardown -->
  <testcase classname="com.tutorialsninja.qa.Test.Login" name="@BeforeMethod setup" time="0.0">
    <skipped/>
  </testcase> <!-- @BeforeMethod setup -->
  <testcase classname="com.tutorialsninja.qa.Test.Login" name="@AfterMethod teardown" time="0.0">
    <skipped/>
  </testcase> <!-- @AfterMethod teardown -->
  <testcase classname="com.tutorialsninja.qa.Test.Login" name="@BeforeMethod setup" time="0.0">
    <skipped/>
  </testcase> <!-- @BeforeMethod setup -->
  <testcase classname="com.tutorialsninja.qa.Test.Login" name="@AfterMethod teardown" time="0.0">
    <skipped/>
  </testcase> <!-- @AfterMethod teardown -->
  <testcase classname="com.tutorialsninja.qa.Test.Login" name="@BeforeMethod setup" time="0.0">
    <skipped/>
  </testcase> <!-- @BeforeMethod setup -->
  <testcase classname="com.tutorialsninja.qa.Test.Login" name="@AfterMethod teardown" time="0.0">
    <skipped/>
  </testcase> <!-- @AfterMethod teardown -->
  <testcase classname="com.tutorialsninja.qa.Test.Login" name="@BeforeMethod setup" time="0.0">
    <skipped/>
  </testcase> <!-- @BeforeMethod setup -->
  <testcase classname="com.tutorialsninja.qa.Test.Login" name="@AfterMethod teardown" time="0.0">
    <skipped/>
  </testcase> <!-- @AfterMethod teardown -->
  <testcase classname="com.tutorialsninja.qa.Test.Login" name="@BeforeMethod setup" time="0.0">
    <skipped/>
  </testcase> <!-- @BeforeMethod setup -->
  <testcase classname="com.tutorialsninja.qa.Test.Login" name="@AfterMethod teardown" time="0.0">
    <skipped/>
  </testcase> <!-- @AfterMethod teardown -->
  <testcase classname="com.tutorialsninja.qa.Test.Login" name="@AfterMethod teardown" time="0.0">
    <skipped/>
  </testcase> <!-- @AfterMethod teardown -->
  <testcase classname="com.tutorialsninja.qa.Test.Login" name="verifyLoginFailsWithInvalidCredentials_TC_LF_002" time="0.0">
    <skipped/>
  </testcase> <!-- verifyLoginFailsWithInvalidCredentials_TC_LF_002 -->
  <testcase classname="com.tutorialsninja.qa.Test.Login" name="verifyLoginFailsWithInvalidEmailAandValidPassword_TC_LF_003" time="0.001">
    <skipped/>
  </testcase> <!-- verifyLoginFailsWithInvalidEmailAandValidPassword_TC_LF_003 -->
  <testcase classname="com.tutorialsninja.qa.Test.Login" name="verifyLoginFailsWithValidEmailAandInvalidPassword_TC_LF_004" time="0.0">
    <skipped/>
  </testcase> <!-- verifyLoginFailsWithValidEmailAandInvalidPassword_TC_LF_004 -->
  <testcase classname="com.tutorialsninja.qa.Test.Login" name="TC_LF_005_verifyLoginFailWithoutCreadentials" time="0.0">
    <skipped/>
  </testcase> <!-- TC_LF_005_verifyLoginFailWithoutCreadentials -->
  <testcase classname="com.tutorialsninja.qa.Test.Login" name="TC_LF_006_VerifyForgottenPasswordLinkIsPresentAndFunctional" time="0.0">
    <skipped/>
  </testcase> <!-- TC_LF_006_VerifyForgottenPasswordLinkIsPresentAndFunctional -->
  <testcase classname="com.tutorialsninja.qa.Test.Login" name="TC_LF_007_VerifyLoginWithTabAndEnterWithValidCreadentials" time="0.0">
    <skipped/>
  </testcase> <!-- TC_LF_007_VerifyLoginWithTabAndEnterWithValidCreadentials -->
  <testcase classname="com.tutorialsninja.qa.Test.Login" name="TC_LF_008_VerifyEmailAndPasswordPlaceholderTexts" time="0.0">
    <skipped/>
  </testcase> <!-- TC_LF_008_VerifyEmailAndPasswordPlaceholderTexts -->
  <testcase classname="com.tutorialsninja.qa.Test.Login" name="TC_LF_012_VerifyUnsuccessfulLoginAttemptsAndWarningDisplayed" time="0.0">
    <skipped/>
  </testcase> <!-- TC_LF_012_VerifyUnsuccessfulLoginAttemptsAndWarningDisplayed -->
  <testcase classname="com.tutorialsninja.qa.Test.Login" name="TC_LF_013_VerifyPasswordFieldVisibilityToggle" time="0.0">
    <skipped/>
  </testcase> <!-- TC_LF_013_VerifyPasswordFieldVisibilityToggle -->
  <testcase classname="com.tutorialsninja.qa.Test.Login" name="TC_LF_014_TestPasswordFieldCopyFunctionality" time="0.0">
    <skipped/>
  </testcase> <!-- TC_LF_014_TestPasswordFieldCopyFunctionality -->
  <testcase classname="com.tutorialsninja.qa.Test.Login" name="TC_LF_017_ClosingBrowserUponLoginAndReopenToCheckSeccesionIsMaintained" time="0.0">
    <skipped/>
  </testcase> <!-- TC_LF_017_ClosingBrowserUponLoginAndReopenToCheckSeccesionIsMaintained -->
  <testcase classname="com.tutorialsninja.qa.Test.Login" name="TC_LF_020_VerifyLoginWithAllAvailableWays" time="0.0">
    <skipped/>
  </testcase> <!-- TC_LF_020_VerifyLoginWithAllAvailableWays -->
  <testcase classname="com.tutorialsninja.qa.Test.Login" name="TC_LF_016_VerifyLoggingIntoApplicationAfterChangingThePassword" time="0.001">
    <skipped/>
  </testcase> <!-- TC_LF_016_VerifyLoggingIntoApplicationAfterChangingThePassword -->
  <testcase classname="com.tutorialsninja.qa.Test.Login" name="verifyLoginPassWithvalidCredentials_TC_LF_001" time="0.0">
    <skipped/>
  </testcase> <!-- verifyLoginPassWithvalidCredentials_TC_LF_001 -->
</testsuite> <!-- Test -->
