<?xml version="1.0" encoding="UTF-8"?>
<!-- Generated by org.testng.reporters.JUnitReportReporter -->
<testsuite hostname="DESKTOP-D3O5ALE" failures="0" tests="15" name="com.tutorialsninja.qa.Test.Login" time="11.120" errors="1" timestamp="2024-09-08T07:41:15 IST" skipped="14">
  <testcase classname="com.tutorialsninja.qa.Test.Login" name="verifyLoginPassWithvalidCredentials_TC_LF_001" time="7.097">
    <skipped/>
  </testcase> <!-- verifyLoginPassWithvalidCredentials_TC_LF_001 -->
  <testcase classname="com.tutorialsninja.qa.Test.Login" name="setup" time="4.021">
    <error message="Could not start a new session. Response code 500. Message: session not created
from unknown error: Could not remove old devtools port file. Perhaps the given user-data-dir at C:/ChromeDev is still attached to a running Chrome or Chromium process 
Host info: host: &#039;DESKTOP-D3O5ALE&#039;, ip: &#039;192.168.1.242&#039;
Build info: version: &#039;4.22.0&#039;, revision: &#039;c5f3146703*&#039;
System info: os.name: &#039;Windows 11&#039;, os.arch: &#039;amd64&#039;, os.version: &#039;10.0&#039;, java.version: &#039;21.0.4&#039;
Driver info: org.openqa.selenium.chrome.ChromeDriver
Command: [null, newSession {capabilities=[Capabilities {browserName: chrome, goog:chromeOptions: {args: [--disable-web-security, --user-data-dir=C:/ChromeDev], binary: C:\Program Files\Google\Chr..., extensions: []}}]}]" type="org.openqa.selenium.SessionNotCreatedException">
      <![CDATA[org.openqa.selenium.SessionNotCreatedException: Could not start a new session. Response code 500. Message: session not created
from unknown error: Could not remove old devtools port file. Perhaps the given user-data-dir at C:/ChromeDev is still attached to a running Chrome or Chromium process 
Host info: host: 'DESKTOP-D3O5ALE', ip: '192.168.1.242'
Build info: version: '4.22.0', revision: 'c5f3146703*'
System info: os.name: 'Windows 11', os.arch: 'amd64', os.version: '10.0', java.version: '21.0.4'
Driver info: org.openqa.selenium.chrome.ChromeDriver
Command: [null, newSession {capabilities=[Capabilities {browserName: chrome, goog:chromeOptions: {args: [--disable-web-security, --user-data-dir=C:/ChromeDev], binary: C:\Program Files\Google\Chr..., extensions: []}}]}]
at org.openqa.selenium.remote.ProtocolHandshake.createSession(ProtocolHandshake.java:114)
at org.openqa.selenium.remote.ProtocolHandshake.createSession(ProtocolHandshake.java:75)
at org.openqa.selenium.remote.ProtocolHandshake.createSession(ProtocolHandshake.java:61)
at org.openqa.selenium.remote.HttpCommandExecutor.execute(HttpCommandExecutor.java:162)
at org.openqa.selenium.remote.service.DriverCommandExecutor.invokeExecute(DriverCommandExecutor.java:216)
at org.openqa.selenium.remote.service.DriverCommandExecutor.execute(DriverCommandExecutor.java:174)
at org.openqa.selenium.remote.RemoteWebDriver.execute(RemoteWebDriver.java:518)
at org.openqa.selenium.remote.RemoteWebDriver.startSession(RemoteWebDriver.java:232)
at org.openqa.selenium.remote.RemoteWebDriver.<init>(RemoteWebDriver.java:161)
at org.openqa.selenium.chromium.ChromiumDriver.<init>(ChromiumDriver.java:114)
at org.openqa.selenium.chrome.ChromeDriver.<init>(ChromeDriver.java:88)
at org.openqa.selenium.chrome.ChromeDriver.<init>(ChromeDriver.java:83)
at org.openqa.selenium.chrome.ChromeDriver.<init>(ChromeDriver.java:72)
at com.tutorialsninja.qa.Test.Base.initilizeBrowser(Base.java:55)
at com.tutorialsninja.qa.Test.Login.setup(Login.java:61)
at java.base/jdk.internal.reflect.DirectMethodHandleAccessor.invoke(DirectMethodHandleAccessor.java:103)
at java.base/java.lang.reflect.Method.invoke(Method.java:580)
at org.testng.internal.invokers.MethodInvocationHelper.invokeMethod(MethodInvocationHelper.java:141)
at org.testng.internal.invokers.MethodInvocationHelper.invokeMethodConsideringTimeout(MethodInvocationHelper.java:71)
at org.testng.internal.invokers.ConfigInvoker.invokeConfigurationMethod(ConfigInvoker.java:400)
at org.testng.internal.invokers.ConfigInvoker.invokeConfigurations(ConfigInvoker.java:333)
at org.testng.internal.invokers.TestInvoker.runConfigMethods(TestInvoker.java:833)
at org.testng.internal.invokers.TestInvoker.invokeMethod(TestInvoker.java:600)
at org.testng.internal.invokers.TestInvoker.invokeTestMethod(TestInvoker.java:230)
at org.testng.internal.invokers.MethodRunner.runInSequence(MethodRunner.java:63)
at org.testng.internal.invokers.TestInvoker$MethodInvocationAgent.invoke(TestInvoker.java:992)
at org.testng.internal.invokers.TestInvoker.invokeTestMethods(TestInvoker.java:203)
at org.testng.internal.invokers.TestMethodWorker.invokeTestMethods(TestMethodWorker.java:154)
at org.testng.internal.invokers.TestMethodWorker.run(TestMethodWorker.java:134)
at java.base/java.util.concurrent.Executors$RunnableAdapter.call(Executors.java:572)
at java.base/java.util.concurrent.FutureTask.run(FutureTask.java:317)
at org.testng.internal.thread.graph.TestNGFutureTask.run(TestNGFutureTask.java:22)
at java.base/java.util.concurrent.ThreadPoolExecutor.runWorker(ThreadPoolExecutor.java:1144)
at java.base/java.util.concurrent.ThreadPoolExecutor$Worker.run(ThreadPoolExecutor.java:642)
at java.base/java.lang.Thread.run(Thread.java:1583)
]]>
    </error>
  </testcase> <!-- setup -->
  <testcase classname="com.tutorialsninja.qa.Test.Login" name="verifyLoginFailsWithInvalidCredentials_TC_LF_002" time="0.000">
    <skipped/>
  </testcase> <!-- verifyLoginFailsWithInvalidCredentials_TC_LF_002 -->
  <testcase classname="com.tutorialsninja.qa.Test.Login" name="verifyLoginFailsWithInvalidEmailAandValidPassword_TC_LF_003" time="0.001">
    <skipped/>
  </testcase> <!-- verifyLoginFailsWithInvalidEmailAandValidPassword_TC_LF_003 -->
  <testcase classname="com.tutorialsninja.qa.Test.Login" name="verifyLoginFailsWithValidEmailAandInvalidPassword_TC_LF_004" time="0.000">
    <skipped/>
  </testcase> <!-- verifyLoginFailsWithValidEmailAandInvalidPassword_TC_LF_004 -->
  <testcase classname="com.tutorialsninja.qa.Test.Login" name="TC_LF_005_verifyLoginFailWithoutCreadentials" time="0.000">
    <skipped/>
  </testcase> <!-- TC_LF_005_verifyLoginFailWithoutCreadentials -->
  <testcase classname="com.tutorialsninja.qa.Test.Login" name="TC_LF_006_VerifyForgottenPasswordLinkIsPresentAndFunctional" time="0.000">
    <skipped/>
  </testcase> <!-- TC_LF_006_VerifyForgottenPasswordLinkIsPresentAndFunctional -->
  <testcase classname="com.tutorialsninja.qa.Test.Login" name="TC_LF_007_VerifyLoginWithTabAndEnterWithValidCreadentials" time="0.000">
    <skipped/>
  </testcase> <!-- TC_LF_007_VerifyLoginWithTabAndEnterWithValidCreadentials -->
  <testcase classname="com.tutorialsninja.qa.Test.Login" name="TC_LF_008_VerifyEmailAndPasswordPlaceholderTexts" time="0.000">
    <skipped/>
  </testcase> <!-- TC_LF_008_VerifyEmailAndPasswordPlaceholderTexts -->
  <testcase classname="com.tutorialsninja.qa.Test.Login" name="TC_LF_012_VerifyUnsuccessfulLoginAttemptsAndWarningDisplayed" time="0.000">
    <skipped/>
  </testcase> <!-- TC_LF_012_VerifyUnsuccessfulLoginAttemptsAndWarningDisplayed -->
  <testcase classname="com.tutorialsninja.qa.Test.Login" name="TC_LF_013_VerifyPasswordFieldVisibilityToggle" time="0.000">
    <skipped/>
  </testcase> <!-- TC_LF_013_VerifyPasswordFieldVisibilityToggle -->
  <testcase classname="com.tutorialsninja.qa.Test.Login" name="TC_LF_014_TestPasswordFieldCopyFunctionality" time="0.000">
    <skipped/>
  </testcase> <!-- TC_LF_014_TestPasswordFieldCopyFunctionality -->
  <testcase classname="com.tutorialsninja.qa.Test.Login" name="TC_LF_017_ClosingBrowserUponLoginAndReopenToCheckSeccesionIsMaintained" time="0.000">
    <skipped/>
  </testcase> <!-- TC_LF_017_ClosingBrowserUponLoginAndReopenToCheckSeccesionIsMaintained -->
  <testcase classname="com.tutorialsninja.qa.Test.Login" name="TC_LF_020_VerifyLoginWithAllAvailableWays" time="0.000">
    <skipped/>
  </testcase> <!-- TC_LF_020_VerifyLoginWithAllAvailableWays -->
  <testcase classname="com.tutorialsninja.qa.Test.Login" name="TC_LF_016_VerifyLoggingIntoApplicationAfterChangingThePassword" time="0.001">
    <skipped/>
  </testcase> <!-- TC_LF_016_VerifyLoggingIntoApplicationAfterChangingThePassword -->
</testsuite> <!-- com.tutorialsninja.qa.Test.Login -->
